<?xml version="1.0" encoding="UTF-8"?>
<testng-results skipped="0" failed="0" total="4" passed="4">
  <reporter-output>
  </reporter-output>
  <suite name="Default suite" duration-ms="66305" started-at="2020-05-12T05:39:57Z" finished-at="2020-05-12T05:41:03Z">
    <groups>
    </groups>
    <test name="Default test" duration-ms="66305" started-at="2020-05-12T05:39:57Z" finished-at="2020-05-12T05:41:03Z">
      <class name="com.TestCases.LoginUsingDataProviders">
        <test-method status="PASS" signature="loginWithCorrectCredentials(java.lang.String, java.lang.String)[pri:0, instance:com.TestCases.LoginUsingDataProviders@3c756e4d]" name="loginWithCorrectCredentials" duration-ms="18082" started-at="2020-05-12T11:09:57Z" data-provider="credentials" finished-at="2020-05-12T11:10:15Z">
          <params>
            <param index="0">
              <value>
                <![CDATA[Admin]]>
              </value>
            </param>
            <param index="1">
              <value>
                <![CDATA[admin123]]>
              </value>
            </param>
          </params>
          <reporter-output>
          </reporter-output>
        </test-method> <!-- loginWithCorrectCredentials -->
        <test-method status="PASS" signature="loginWithCorrectCredentials(java.lang.String, java.lang.String)[pri:0, instance:com.TestCases.LoginUsingDataProviders@3c756e4d]" name="loginWithCorrectCredentials" duration-ms="13619" started-at="2020-05-12T11:10:15Z" data-provider="credentials" finished-at="2020-05-12T11:10:29Z">
          <params>
            <param index="0">
              <value>
                <![CDATA[Admin]]>
              </value>
            </param>
            <param index="1">
              <value>
                <![CDATA[admin]]>
              </value>
            </param>
          </params>
          <reporter-output>
          </reporter-output>
        </test-method> <!-- loginWithCorrectCredentials -->
        <test-method status="PASS" signature="loginWithCorrectCredentials(java.lang.String, java.lang.String)[pri:0, instance:com.TestCases.LoginUsingDataProviders@3c756e4d]" name="loginWithCorrectCredentials" duration-ms="22183" started-at="2020-05-12T11:10:29Z" data-provider="credentials" finished-at="2020-05-12T11:10:51Z">
          <params>
            <param index="0">
              <value>
                <![CDATA[Edmin]]>
              </value>
            </param>
            <param index="1">
              <value>
                <![CDATA[admin]]>
              </value>
            </param>
          </params>
          <reporter-output>
          </reporter-output>
        </test-method> <!-- loginWithCorrectCredentials -->
        <test-method status="PASS" signature="loginWithCorrectCredentials(java.lang.String, java.lang.String)[pri:0, instance:com.TestCases.LoginUsingDataProviders@3c756e4d]" name="loginWithCorrectCredentials" duration-ms="12368" started-at="2020-05-12T11:10:51Z" data-provider="credentials" finished-at="2020-05-12T11:11:03Z">
          <params>
            <param index="0">
              <value>
                <![CDATA[Edmin]]>
              </value>
            </param>
            <param index="1">
              <value>
                <![CDATA[admin]]>
              </value>
            </param>
          </params>
          <reporter-output>
          </reporter-output>
        </test-method> <!-- loginWithCorrectCredentials -->
      </class> <!-- com.TestCases.LoginUsingDataProviders -->
    </test> <!-- Default test -->
  </suite> <!-- Default suite -->
</testng-results>
