<?xml version="1.0" encoding="UTF-8"?>
<!-- Generated by org.testng.reporters.JUnitXMLReporter -->
<testsuite hostname="LAPTOP-KFV0PSKR" name="Default test" tests="4" failures="0" timestamp="12 May 2020 05:41:03 GMT" time="66.305" errors="0">
  <testcase name="loginWithCorrectCredentials" time="18.082" classname="com.TestCases.LoginUsingDataProviders"/>
  <testcase name="loginWithCorrectCredentials" time="13.619" classname="com.TestCases.LoginUsingDataProviders"/>
  <testcase name="loginWithCorrectCredentials" time="22.183" classname="com.TestCases.LoginUsingDataProviders"/>
  <testcase name="loginWithCorrectCredentials" time="12.368" classname="com.TestCases.LoginUsingDataProviders"/>
</testsuite> <!-- Default test -->
